0 info it worked if it ends with ok
1 verbose cli [ 'node', '/usr/local/bin/npm', 'install' ]
2 info using npm@2.0.0
3 info using node@v0.10.32
4 warn package.json ZadCzat@0.1.0 No repository field.
5 verbose readDependencies using package.json deps
6 verbose install where, deps [ '/var/www/tsw/tsw-socket.io',
6 verbose install   [ 'express', 'serve-static', 'socket.io' ] ]
7 info preinstall ZadCzat@0.1.0
8 verbose readDependencies using package.json deps
9 verbose cache add [ 'express@^4.12.3', null ]
10 verbose cache add spec="express@^4.12.3" args=["express@^4.12.3",null]
11 verbose parsed spec { raw: 'express@^4.12.3',
11 verbose parsed spec   scope: null,
11 verbose parsed spec   name: 'express',
11 verbose parsed spec   rawSpec: '^4.12.3',
11 verbose parsed spec   spec: '>=4.12.3 <5.0.0',
11 verbose parsed spec   type: 'range' }
12 verbose cache add [ 'serve-static@^1.9.2', null ]
13 verbose cache add spec="serve-static@^1.9.2" args=["serve-static@^1.9.2",null]
14 verbose parsed spec { raw: 'serve-static@^1.9.2',
14 verbose parsed spec   scope: null,
14 verbose parsed spec   name: 'serve-static',
14 verbose parsed spec   rawSpec: '^1.9.2',
14 verbose parsed spec   spec: '>=1.9.2 <2.0.0',
14 verbose parsed spec   type: 'range' }
15 verbose cache add [ 'socket.io@^1.3.5', null ]
16 verbose cache add spec="socket.io@^1.3.5" args=["socket.io@^1.3.5",null]
17 verbose parsed spec { raw: 'socket.io@^1.3.5',
17 verbose parsed spec   scope: null,
17 verbose parsed spec   name: 'socket.io',
17 verbose parsed spec   rawSpec: '^1.3.5',
17 verbose parsed spec   spec: '>=1.3.5 <2.0.0',
17 verbose parsed spec   type: 'range' }
18 verbose parsed spec { raw: 'express@^4.12.3',
18 verbose parsed spec   scope: null,
18 verbose parsed spec   name: 'express',
18 verbose parsed spec   rawSpec: '^4.12.3',
18 verbose parsed spec   spec: '>=4.12.3 <5.0.0',
18 verbose parsed spec   type: 'range' }
19 verbose addNamed [ 'express', '>=4.12.3 <5.0.0' ]
20 verbose addNamed [ null, '>=4.12.3 <5.0.0' ]
21 verbose parsed spec { raw: 'serve-static@^1.9.2',
21 verbose parsed spec   scope: null,
21 verbose parsed spec   name: 'serve-static',
21 verbose parsed spec   rawSpec: '^1.9.2',
21 verbose parsed spec   spec: '>=1.9.2 <2.0.0',
21 verbose parsed spec   type: 'range' }
22 verbose addNamed [ 'serve-static', '>=1.9.2 <2.0.0' ]
23 verbose addNamed [ null, '>=1.9.2 <2.0.0' ]
24 verbose parsed spec { raw: 'socket.io@^1.3.5',
24 verbose parsed spec   scope: null,
24 verbose parsed spec   name: 'socket.io',
24 verbose parsed spec   rawSpec: '^1.3.5',
24 verbose parsed spec   spec: '>=1.3.5 <2.0.0',
24 verbose parsed spec   type: 'range' }
25 verbose addNamed [ 'socket.io', '>=1.3.5 <2.0.0' ]
26 verbose addNamed [ null, '>=1.3.5 <2.0.0' ]
27 silly lockFile 083cee4d-express-4-12-3-5-0-0 express@>=4.12.3 <5.0.0
28 verbose lock express@>=4.12.3 <5.0.0 /home/amens/.npm/083cee4d-express-4-12-3-5-0-0.lock
29 silly lockFile debbc832-serve-static-1-9-2-2-0-0 serve-static@>=1.9.2 <2.0.0
30 verbose lock serve-static@>=1.9.2 <2.0.0 /home/amens/.npm/debbc832-serve-static-1-9-2-2-0-0.lock
31 silly lockFile de1400d5-socket-io-1-3-5-2-0-0 socket.io@>=1.3.5 <2.0.0
32 verbose lock socket.io@>=1.3.5 <2.0.0 /home/amens/.npm/de1400d5-socket-io-1-3-5-2-0-0.lock
33 silly lockFile 083cee4d-express-4-12-3-5-0-0 express@>=4.12.3 <5.0.0
34 verbose stack Error: Attempt to unlock express@>=4.12.3 <5.0.0, which hasn't been locked
34 verbose stack     at unlock (/usr/local/lib/node_modules/npm/lib/utils/locker.js:44:11)
34 verbose stack     at cb (/usr/local/lib/node_modules/npm/lib/cache/add-named.js:32:5)
34 verbose stack     at /usr/local/lib/node_modules/npm/lib/cache/add-named.js:41:20
34 verbose stack     at /usr/local/lib/node_modules/npm/lib/utils/locker.js:30:7
34 verbose stack     at cb (/usr/local/lib/node_modules/npm/node_modules/lockfile/lockfile.js:149:38)
34 verbose stack     at /usr/local/lib/node_modules/npm/node_modules/lockfile/lockfile.js:177:38
34 verbose stack     at Object.oncomplete (fs.js:107:15)
35 verbose cwd /var/www/tsw/tsw-socket.io
36 error Linux 3.13.0-49-generic
37 error argv "node" "/usr/local/bin/npm" "install"
38 error node v0.10.32
39 error npm  v2.0.0
40 error Attempt to unlock express@>=4.12.3 <5.0.0, which hasn't been locked
41 error If you need help, you may report this error at:
41 error     <http://github.com/npm/npm/issues>
42 verbose exit [ 1, true ]
